This file contains any messages produced by compilers while
running configure, to aid debugging if configure makes a mistake.

It was created by GNU C Library configure (see version.h), which was
generated by GNU Autoconf 2.63.  Invocation command line was

  $ ./configure --disable-sanity-check

## --------- ##
## Platform. ##
## --------- ##

hostname = localhost
uname -m = x86_64
uname -r = 3.10.18
uname -s = Linux
uname -v = #1 SMP Tue Mar 29 03:18:37 PDT 2016

/usr/bin/uname -p = Intel(R) Celeron(R) CPU N2840 @ 2.16GHz
/bin/uname -X     = unknown

/bin/arch              = unknown
/usr/bin/arch -k       = unknown
/usr/convex/getsysinfo = unknown
/usr/bin/hostinfo      = unknown
/bin/machine           = unknown
/usr/bin/oslevel       = unknown
/bin/universe          = unknown

PATH: /bin
PATH: /sbin
PATH: /usr/bin
PATH: /usr/sbin
PATH: /usr/local/bin
PATH: /usr/local/sbin
PATH: /opt/bin


## ----------- ##
## Core tests. ##
## ----------- ##

configure:2034: checking build system type
configure:2052: result: x86_64-unknown-linux-gnu
configure:2074: checking host system type
configure:2089: result: x86_64-unknown-linux-gnu
configure:2160: checking for gcc
configure:2176: found /usr/local/bin/gcc
configure:2187: result: gcc
configure:2419: checking for C compiler version
configure:2427: gcc --version >&5
gcc (GCC) 4.8.1
Copyright (C) 2013 Free Software Foundation, Inc.
This is free software; see the source for copying conditions.  There is NO
warranty; not even for MERCHANTABILITY or FITNESS FOR A PARTICULAR PURPOSE.

configure:2431: $? = 0
configure:2438: gcc -v >&5
Using built-in specs.
COLLECT_GCC=gcc
COLLECT_LTO_WRAPPER=/usr/local/libexec/gcc/x86_64-unknown-linux-gnu/4.8.1/lto-wrapper
Target: x86_64-unknown-linux-gnu
Configured with: ./configure --enable-languages=c,c++
Thread model: posix
gcc version 4.8.1 (GCC) 
configure:2442: $? = 0
configure:2449: gcc -V >&5
gcc: error: unrecognized command line option '-V'
gcc: fatal error: no input files
compilation terminated.
configure:2453: $? = 1
configure:2457: checking for suffix of object files
configure:2483: gcc -c   conftest.c >&5
configure:2487: $? = 0
configure:2512: result: o
configure:2516: checking whether we are using the GNU C compiler
configure:2545: gcc -c   conftest.c >&5
configure:2552: $? = 0
configure:2569: result: yes
configure:2578: checking whether gcc accepts -g
configure:2608: gcc -c -g  conftest.c >&5
configure:2615: $? = 0
configure:2716: result: yes
configure:2733: checking for gcc option to accept ISO C89
configure:2807: gcc  -c -g -O2  conftest.c >&5
configure:2814: $? = 0
configure:2837: result: none needed
configure:2905: checking how to run the C preprocessor
configure:2945: gcc -E  conftest.c
configure:2952: $? = 0
configure:2983: gcc -E  conftest.c
conftest.c:8:28: fatal error: ac_nonexistent.h: No such file or directory
 #include <ac_nonexistent.h>
                            ^
compilation terminated.
configure:2990: $? = 1
configure: failed program was:
| /* confdefs.h.  */
| #define PACKAGE_NAME "GNU C Library"
| #define PACKAGE_TARNAME "c-library"
| #define PACKAGE_VERSION "(see version.h)"
| #define PACKAGE_STRING "GNU C Library (see version.h)"
| #define PACKAGE_BUGREPORT "glibc"
| /* end confdefs.h.  */
| #include <ac_nonexistent.h>
configure:3023: result: gcc -E
configure:3052: gcc -E  conftest.c
configure:3059: $? = 0
configure:3090: gcc -E  conftest.c
conftest.c:8:28: fatal error: ac_nonexistent.h: No such file or directory
 #include <ac_nonexistent.h>
                            ^
compilation terminated.
configure:3097: $? = 1
configure: failed program was:
| /* confdefs.h.  */
| #define PACKAGE_NAME "GNU C Library"
| #define PACKAGE_TARNAME "c-library"
| #define PACKAGE_VERSION "(see version.h)"
| #define PACKAGE_STRING "GNU C Library (see version.h)"
| #define PACKAGE_BUGREPORT "glibc"
| /* end confdefs.h.  */
| #include <ac_nonexistent.h>
configure:3195: checking for g++
configure:3211: found /usr/local/bin/g++
configure:3222: result: g++
configure:3249: checking for C++ compiler version
configure:3257: g++ --version >&5
g++ (GCC) 4.8.1
Copyright (C) 2013 Free Software Foundation, Inc.
This is free software; see the source for copying conditions.  There is NO
warranty; not even for MERCHANTABILITY or FITNESS FOR A PARTICULAR PURPOSE.

configure:3261: $? = 0
configure:3268: g++ -v >&5
Using built-in specs.
COLLECT_GCC=g++
COLLECT_LTO_WRAPPER=/usr/local/libexec/gcc/x86_64-unknown-linux-gnu/4.8.1/lto-wrapper
Target: x86_64-unknown-linux-gnu
Configured with: ./configure --enable-languages=c,c++
Thread model: posix
gcc version 4.8.1 (GCC) 
configure:3272: $? = 0
configure:3279: g++ -V >&5
g++: error: unrecognized command line option '-V'
g++: fatal error: no input files
compilation terminated.
configure:3283: $? = 1
configure:3286: checking whether we are using the GNU C++ compiler
configure:3315: g++ -c   conftest.cpp >&5
configure:3322: $? = 0
configure:3339: result: yes
configure:3348: checking whether g++ accepts -g
configure:3378: g++ -c -g  conftest.cpp >&5
configure:3385: $? = 0
configure:3486: result: yes
configure:3511: error: you must configure in a separate build directory

## ---------------- ##
## Cache variables. ##
## ---------------- ##

ac_cv_build=x86_64-unknown-linux-gnu
ac_cv_c_compiler_gnu=yes
ac_cv_cxx_compiler_gnu=yes
ac_cv_env_CCC_set=
ac_cv_env_CCC_value=
ac_cv_env_CC_set=
ac_cv_env_CC_value=
ac_cv_env_CFLAGS_set=
ac_cv_env_CFLAGS_value=
ac_cv_env_CPPFLAGS_set=
ac_cv_env_CPPFLAGS_value=
ac_cv_env_CPP_set=
ac_cv_env_CPP_value=
ac_cv_env_CXXFLAGS_set=
ac_cv_env_CXXFLAGS_value=
ac_cv_env_CXX_set=
ac_cv_env_CXX_value=
ac_cv_env_LDFLAGS_set=
ac_cv_env_LDFLAGS_value=
ac_cv_env_LIBS_set=
ac_cv_env_LIBS_value=
ac_cv_env_build_alias_set=
ac_cv_env_build_alias_value=
ac_cv_env_host_alias_set=
ac_cv_env_host_alias_value=
ac_cv_env_target_alias_set=
ac_cv_env_target_alias_value=
ac_cv_host=x86_64-unknown-linux-gnu
ac_cv_objext=o
ac_cv_prog_CPP='gcc -E'
ac_cv_prog_ac_ct_CC=gcc
ac_cv_prog_ac_ct_CXX=g++
ac_cv_prog_cc_c89=
ac_cv_prog_cc_g=yes
ac_cv_prog_cxx_g=yes

## ----------------- ##
## Output variables. ##
## ----------------- ##

AR=''
AS=''
ASFLAGS_config=''
AUTOCONF=''
AWK=''
BASH_SHELL=''
BISON=''
BUILD_CC=''
CC='gcc'
CFLAGS='-g -O2'
CPP='gcc -E'
CPPFLAGS=''
CXX='g++'
CXXFLAGS='-g -O2'
CXX_SYSINCLUDES=''
DEFINES=''
DEFS=''
ECHO_C=''
ECHO_N='-n'
ECHO_T=''
EGREP=''
GREP=''
INSTALL_DATA=''
INSTALL_INFO=''
INSTALL_PROGRAM=''
INSTALL_SCRIPT=''
KSH=''
LD=''
LDFLAGS=''
LIBGD=''
LIBOBJS=''
LIBS=''
LN_S=''
LTLIBOBJS=''
MAKE=''
MAKEINFO=''
MIG=''
MSGFMT=''
NM=''
OBJDUMP=''
OBJEXT='o'
PACKAGE_BUGREPORT='glibc'
PACKAGE_NAME='GNU C Library'
PACKAGE_STRING='GNU C Library (see version.h)'
PACKAGE_TARNAME='c-library'
PACKAGE_VERSION='(see version.h)'
PATH_SEPARATOR=':'
PERL=''
PKGVERSION=''
PWD_P=''
RANLIB=''
RELEASE=''
REPORT_BUGS_TEXI=''
REPORT_BUGS_TO=''
SED=''
SHELL='/bin/bash'
SYSINCLUDES=''
VERSION=''
VERSIONING=''
ac_ct_CC='gcc'
ac_ct_CXX='g++'
add_on_subdirs=''
add_ons=''
all_warnings=''
base_machine=''
bindir='${exec_prefix}/bin'
bindnow=''
bounded=''
build='x86_64-unknown-linux-gnu'
build_alias=''
build_cpu='x86_64'
build_os='linux-gnu'
build_vendor='unknown'
cross_compiling='no'
datadir='${datarootdir}'
datarootdir='${prefix}/share'
docdir='${datarootdir}/doc/${PACKAGE_TARNAME}'
dvidir='${docdir}'
elf=''
enable_check_abi=''
exceptions=''
exec_prefix='NONE'
experimental_malloc=''
fno_unit_at_a_time=''
force_install=''
gnu89_inline=''
have_libaudit=''
have_libcap=''
have_selinux=''
host='x86_64-unknown-linux-gnu'
host_alias=''
host_cpu='x86_64'
host_os='linux-gnu'
host_vendor='unknown'
htmldir='${docdir}'
includedir='${prefix}/include'
infodir='${datarootdir}/info'
ldd_rewrite_script=''
libc_cv_Bgroup=''
libc_cv_as_i686=''
libc_cv_as_needed=''
libc_cv_cc_avx=''
libc_cv_cc_sse4=''
libc_cv_cc_submachine=''
libc_cv_cc_with_libunwind=''
libc_cv_cpp_asm_debuginfo=''
libc_cv_forced_unwind=''
libc_cv_fpie=''
libc_cv_gcc_static_libgcc=''
libc_cv_gcc_unwind_find_fde=''
libc_cv_hashstyle=''
libc_cv_have_bash2=''
libc_cv_have_initfini=''
libc_cv_have_ksh=''
libc_cv_libgcc_s_suffix=''
libc_cv_localedir=''
libc_cv_nss_crypt=''
libc_cv_pic_default=''
libc_cv_rootsbindir=''
libc_cv_slibdir=''
libc_cv_ssp=''
libc_cv_sysconfdir=''
libc_cv_z_combreloc=''
libc_cv_z_execstack=''
libdir='${exec_prefix}/lib'
libexecdir='${exec_prefix}/libexec'
localedir='${datarootdir}/locale'
localstatedir='${prefix}/var'
mach_interface_list=''
mandir='${datarootdir}/man'
multi_arch=''
no_whole_archive=''
nopic_initfini=''
old_glibc_headers=''
oldest_abi=''
oldincludedir='/usr/include'
omitfp=''
pdfdir='${docdir}'
prefix='NONE'
profile=''
program_transform_name='s,x,x,'
psdir='${docdir}'
sbindir='${exec_prefix}/sbin'
shared=''
sharedstatedir='${prefix}/com'
sizeof_long_double=''
static=''
static_nss=''
subdirs=' '
submachine=''
sysconfdir='${prefix}/etc'
sysdeps_add_ons=''
sysnames=''
target_alias=''
use_ldconfig=''
with_cvs=''
with_fp=''
xcoff=''

## ----------- ##
## confdefs.h. ##
## ----------- ##

#define PACKAGE_NAME "GNU C Library"
#define PACKAGE_TARNAME "c-library"
#define PACKAGE_VERSION "(see version.h)"
#define PACKAGE_STRING "GNU C Library (see version.h)"
#define PACKAGE_BUGREPORT "glibc"

configure: exit 1
