This file contains any messages produced by compilers while
running configure, to aid debugging if configure makes a mistake.

It was created by GNU C Library configure (see version.h), which was
generated by GNU Autoconf 2.63.  Invocation command line was

  $ ../configure --disable-sanity-check

## --------- ##
## Platform. ##
## --------- ##

hostname = localhost
uname -m = x86_64
uname -r = 3.10.18
uname -s = Linux
uname -v = #1 SMP Tue Mar 29 03:18:37 PDT 2016

/usr/bin/uname -p = Intel(R) Celeron(R) CPU N2840 @ 2.16GHz
/bin/uname -X     = unknown

/bin/arch              = unknown
/usr/bin/arch -k       = unknown
/usr/convex/getsysinfo = unknown
/usr/bin/hostinfo      = unknown
/bin/machine           = unknown
/usr/bin/oslevel       = unknown
/bin/universe          = unknown

PATH: /bin
PATH: /sbin
PATH: /usr/bin
PATH: /usr/sbin
PATH: /usr/local/bin
PATH: /usr/local/sbin
PATH: /opt/bin


## ----------- ##
## Core tests. ##
## ----------- ##

configure:2034: checking build system type
configure:2052: result: x86_64-unknown-linux-gnu
configure:2074: checking host system type
configure:2089: result: x86_64-unknown-linux-gnu
configure:2160: checking for gcc
configure:2176: found /usr/local/bin/gcc
configure:2187: result: gcc
configure:2419: checking for C compiler version
configure:2427: gcc --version >&5
gcc (GCC) 4.8.1
Copyright (C) 2013 Free Software Foundation, Inc.
This is free software; see the source for copying conditions.  There is NO
warranty; not even for MERCHANTABILITY or FITNESS FOR A PARTICULAR PURPOSE.

configure:2431: $? = 0
configure:2438: gcc -v >&5
Using built-in specs.
COLLECT_GCC=gcc
COLLECT_LTO_WRAPPER=/usr/local/libexec/gcc/x86_64-unknown-linux-gnu/4.8.1/lto-wrapper
Target: x86_64-unknown-linux-gnu
Configured with: ./configure --enable-languages=c,c++
Thread model: posix
gcc version 4.8.1 (GCC) 
configure:2442: $? = 0
configure:2449: gcc -V >&5
gcc: error: unrecognized command line option '-V'
gcc: fatal error: no input files
compilation terminated.
configure:2453: $? = 1
configure:2457: checking for suffix of object files
configure:2483: gcc -c   conftest.c >&5
configure:2487: $? = 0
configure:2512: result: o
configure:2516: checking whether we are using the GNU C compiler
configure:2545: gcc -c   conftest.c >&5
configure:2552: $? = 0
configure:2569: result: yes
configure:2578: checking whether gcc accepts -g
configure:2608: gcc -c -g  conftest.c >&5
configure:2615: $? = 0
configure:2716: result: yes
configure:2733: checking for gcc option to accept ISO C89
configure:2807: gcc  -c -g -O2  conftest.c >&5
configure:2814: $? = 0
configure:2837: result: none needed
configure:2905: checking how to run the C preprocessor
configure:2945: gcc -E  conftest.c
configure:2952: $? = 0
configure:2983: gcc -E  conftest.c
conftest.c:8:28: fatal error: ac_nonexistent.h: No such file or directory
 #include <ac_nonexistent.h>
                            ^
compilation terminated.
configure:2990: $? = 1
configure: failed program was:
| /* confdefs.h.  */
| #define PACKAGE_NAME "GNU C Library"
| #define PACKAGE_TARNAME "c-library"
| #define PACKAGE_VERSION "(see version.h)"
| #define PACKAGE_STRING "GNU C Library (see version.h)"
| #define PACKAGE_BUGREPORT "glibc"
| /* end confdefs.h.  */
| #include <ac_nonexistent.h>
configure:3023: result: gcc -E
configure:3052: gcc -E  conftest.c
configure:3059: $? = 0
configure:3090: gcc -E  conftest.c
conftest.c:8:28: fatal error: ac_nonexistent.h: No such file or directory
 #include <ac_nonexistent.h>
                            ^
compilation terminated.
configure:3097: $? = 1
configure: failed program was:
| /* confdefs.h.  */
| #define PACKAGE_NAME "GNU C Library"
| #define PACKAGE_TARNAME "c-library"
| #define PACKAGE_VERSION "(see version.h)"
| #define PACKAGE_STRING "GNU C Library (see version.h)"
| #define PACKAGE_BUGREPORT "glibc"
| /* end confdefs.h.  */
| #include <ac_nonexistent.h>
configure:3195: checking for g++
configure:3211: found /usr/local/bin/g++
configure:3222: result: g++
configure:3249: checking for C++ compiler version
configure:3257: g++ --version >&5
g++ (GCC) 4.8.1
Copyright (C) 2013 Free Software Foundation, Inc.
This is free software; see the source for copying conditions.  There is NO
warranty; not even for MERCHANTABILITY or FITNESS FOR A PARTICULAR PURPOSE.

configure:3261: $? = 0
configure:3268: g++ -v >&5
Using built-in specs.
COLLECT_GCC=g++
COLLECT_LTO_WRAPPER=/usr/local/libexec/gcc/x86_64-unknown-linux-gnu/4.8.1/lto-wrapper
Target: x86_64-unknown-linux-gnu
Configured with: ./configure --enable-languages=c,c++
Thread model: posix
gcc version 4.8.1 (GCC) 
configure:3272: $? = 0
configure:3279: g++ -V >&5
g++: error: unrecognized command line option '-V'
g++: fatal error: no input files
compilation terminated.
configure:3283: $? = 1
configure:3286: checking whether we are using the GNU C++ compiler
configure:3315: g++ -c   conftest.cpp >&5
configure:3322: $? = 0
configure:3339: result: yes
configure:3348: checking whether g++ accepts -g
configure:3378: g++ -c -g  conftest.cpp >&5
configure:3385: $? = 0
configure:3486: result: yes
configure:4155: running configure fragment for add-on libidn
configure:4155: running configure fragment for add-on linuxthreads
configure:43: result: linuxthreads disabled because nptl add-on is also in use
configure:4155: running configure fragment for add-on nptl
configure:4211: checking add-on ports for preconfigure fragments
configure:4218: result: 
configure:4307: checking for assembler gnu_indirect_function symbol type support
configure:4323: result: yes
configure:4326: checking whether .text pseudo-op must be used
configure:4336: gcc  -c conftest.s 1>&5
configure:4339: $? = 0
configure:4350: result: yes
configure:4354: checking for assembler global-symbol directive
configure:4367: gcc  -c conftest.s 1>&5
configure:4370: $? = 0
configure:4378: result: .globl
configure:4391: checking for assembler .type directive prefix
configure:4407: gcc  -c conftest.s 1>&5
configure:4410: $? = 0
configure:4418: result: @
configure:4443: checking sysdep dirs
configure:4723: result: sysdeps/generic/elf sysdeps/generic
configure:4779: WARNING: add-on ports contributed no useful sysdeps directories
configure:4802: checking for a BSD-compatible install
configure:4870: result: ../scripts/install-sh -c
configure:4885: checking whether ln -s works
configure:4889: result: yes
configure:5015: checking whether /usr/local/lib/gcc/x86_64-unknown-linux-gnu/4.8.1/../../../../x86_64-unknown-linux-gnu/bin/as is GNU as
configure:5029: result: yes
configure:5034: checking whether /usr/local/lib/gcc/x86_64-unknown-linux-gnu/4.8.1/../../../../x86_64-unknown-linux-gnu/bin/ld is GNU ld
configure:5048: result: yes
configure:5058: checking for /usr/local/lib/gcc/x86_64-unknown-linux-gnu/4.8.1/../../../../x86_64-unknown-linux-gnu/bin/as
configure:5085: result: /usr/local/lib/gcc/x86_64-unknown-linux-gnu/4.8.1/../../../../x86_64-unknown-linux-gnu/bin/as
configure:5100: checking version of /usr/local/lib/gcc/x86_64-unknown-linux-gnu/4.8.1/../../../../x86_64-unknown-linux-gnu/bin/as
configure:5110: result: 2.23.2, ok
configure:5121: checking for /usr/local/lib/gcc/x86_64-unknown-linux-gnu/4.8.1/../../../../x86_64-unknown-linux-gnu/bin/ld
configure:5148: result: /usr/local/lib/gcc/x86_64-unknown-linux-gnu/4.8.1/../../../../x86_64-unknown-linux-gnu/bin/ld
configure:5163: checking version of /usr/local/lib/gcc/x86_64-unknown-linux-gnu/4.8.1/../../../../x86_64-unknown-linux-gnu/bin/ld
configure:5173: result: 2.23.2, ok
configure:5188: checking for pwd
configure:5206: found /bin/pwd
configure:5219: result: /bin/pwd
configure:5240: checking for gcc
configure:5267: result: gcc
configure:5282: checking version of gcc
configure:5292: result: 4.8.1, ok
configure:5303: checking for gnumake
configure:5333: result: no
configure:5303: checking for gmake
configure:5333: result: no
configure:5303: checking for make
configure:5319: found /usr/local/bin/make
configure:5330: result: make
configure:5345: checking version of make
configure:5355: result: 3.82, ok
configure:5367: checking for gnumsgfmt
configure:5397: result: no
configure:5367: checking for gmsgfmt
configure:5397: result: no
configure:5367: checking for msgfmt
configure:5383: found /usr/local/bin/msgfmt
configure:5394: result: msgfmt
configure:5409: checking version of msgfmt
configure:5419: result: v. ?.??, bad
configure:5430: checking for makeinfo
configure:5460: result: no
configure:5493: checking for sed
configure:5509: found /bin/sed
configure:5520: result: sed
configure:5535: checking version of sed
configure:5545: result: 4.2.1, ok
configure:5557: checking for autoconf
configure:5587: result: no
configure:5631: WARNING:
*** These auxiliary programs are missing or incompatible versions: msgfmt makeinfo autoconf
*** some features will be disabled.
*** Check the INSTALL file for required versions.
configure:5660: checking whether ranlib is necessary
configure:5681: result: no
configure:5694: checking LD_LIBRARY_PATH variable
configure:5704: result: ok
configure:5718: checking whether GCC supports -static-libgcc
configure:5729: result: -static-libgcc
configure:5735: checking for bash
configure:5753: found /bin/bash
configure:5766: result: /bin/bash
configure:5841: checking for gawk
configure:5857: found /bin/gawk
configure:5868: result: gawk
configure:5887: checking for perl
configure:5905: found /usr/local/bin/perl
configure:5918: result: /usr/local/bin/perl
configure:5932: checking for install-info
configure:5964: result: no
configure:5974: checking for bison
configure:6006: result: no
configure:6015: checking for signed size_t type
configure:6030: result: no
configure:6039: checking for libc-friendly stddef.h
configure:6073: gcc -c -g -O2  conftest.c >&5
conftest.c: In function 'main':
conftest.c:26:38: warning: incompatible implicit declaration of built-in function 'abort' [enabled by default]
 if (&size == NULL || &wchar == NULL) abort ();
                                      ^
configure:6080: $? = 0
configure:6095: result: yes
configure:6102: checking whether we need to use -P to assemble .S files
configure:6112: gcc   -c conftest.S 1>&5
configure:6115: $? = 0
configure:6123: result: no
configure:6130: checking for .set assembler directive
configure:6156: result: yes
configure:6165: checking for assembler gnu_unique_object symbol type
configure:6182: result: yes
configure:6191: checking for .symver assembler directive
configure:6208: result: yes
configure:6210: checking for ld --version-script
configure:6236: gcc -g -O2  -shared
				-o conftest.so conftest.o
				-nostartfiles -nostdlib
				-Wl,--version-script,conftest.map
		       1>&5
configure:6239: $? = 0
configure:6254: result: yes
configure:6278: checking for .previous assembler directive
configure:6288: gcc -c  conftest.s 1>&5
configure:6291: $? = 0
configure:6299: result: yes
configure:6337: checking for .protected and .hidden assembler directive
configure:6349: gcc -c  conftest.s 1>&5
configure:6352: $? = 0
configure:6362: result: yes
configure:6366: checking whether __attribute__((visibility())) is supported
configure:6377: gcc -Werror -S conftest.c -o conftest.s 1>&5
configure:6380: $? = 0
configure:6391: result: yes
configure:6401: checking for broken __attribute__((visibility()))
configure:6413: gcc -Werror -S conftest.c -o conftest.s1>&5
configure:6416: $? = 0
configure:6425: result: no
configure:6434: checking for broken __attribute__((alias()))
configure:6449: gcc -Werror -S conftest.c -o conftest.s 1>&5
configure:6452: $? = 0
configure:6462: result: no
configure:6471: checking whether to put _rtld_local into .sdata section
configure:6485: result: no
configure:6495: checking for .preinit_array/.init_array/.fini_array support
configure:6508: gcc -g -O2   -o conftest conftest.c
		     -static -nostartfiles -nostdlib 1>&5
configure:6511: $? = 0
configure:6524: result: yes
configure:6531: gcc -Wl,--verbose 2>&1|grep SORT_BY_INIT_PRIORITY 1>&5
    KEEP (*(SORT_BY_INIT_PRIORITY(.init_array.*) SORT_BY_INIT_PRIORITY(.ctors.*)))
    KEEP (*(SORT_BY_INIT_PRIORITY(.fini_array.*) SORT_BY_INIT_PRIORITY(.dtors.*)))
configure:6534: $? = 0
configure:6542: checking for libunwind-support in compiler
configure:6559: result: no
configure:6569: checking for -z nodelete option
configure:6581: gcc -g -O2  
		     -fPIC -shared -o conftest.so conftest.c
		     -nostartfiles -nostdlib
		     -Wl,--enable-new-dtags,-z,nodelete 1>&5
configure:6584: $? = 0
configure:6595: result: yes
configure:6598: checking for -z nodlopen option
configure:6610: gcc -g -O2  
			-fPIC -shared -o conftest.so conftest.c
			-nostartfiles -nostdlib
			-Wl,--enable-new-dtags,-z,nodlopen 1>&5
configure:6613: $? = 0
configure:6624: result: yes
configure:6627: checking for -z initfirst option
configure:6639: gcc -g -O2  
			-fPIC -shared -o conftest.so conftest.c
			-nostartfiles -nostdlib
			-Wl,--enable-new-dtags,-z,initfirst 1>&5
configure:6642: $? = 0
configure:6653: result: yes
configure:6658: checking for -z relro option
configure:6665: gcc -v --help 2>&1|grep z relro 1>&5
  -z relro                    Create RELRO program header
  -z relro                    Create RELRO program header
  -z relro                    Create RELRO program header
  -z relro                    Create RELRO program header
  -z relro                    Create RELRO program header
configure:6668: $? = 0
configure:6672: gcc -Wl,--verbose 2>&1|grep DATA_SEGMENT_RELRO_END 1>&5
  . = DATA_SEGMENT_RELRO_END (SIZEOF (.got.plt) >= 24 ? 24 : 0, .);
configure:6675: $? = 0
configure:6682: result: yes
configure:6693: checking for -Bgroup option
configure:6704: gcc -g -O2  
			      -fPIC -shared -o conftest.so conftest.c
			      -Wl,-Bgroup -nostdlib 1>&5
configure:6707: $? = 0
configure:6716: result: yes
configure:6720: checking for libgcc_s suffix
configure:6734: result: 
configure:6738: checking for --as-needed option
configure:6750: gcc -g -O2  
			      -fPIC -shared -o conftest.so conftest.c
			      -lgcc_s -Wl,--as-needed
			      -nostdlib 1>&5
configure:6753: $? = 0
configure:6762: result: yes
configure:6767: checking whether --noexecstack is desirable for .S files
configure:6777: gcc -g -O2 
		     -S -o conftest.s conftest.c 1>&5
configure:6780: $? = 0
configure:6785: gcc  -Wa,--noexecstack
		       -c -o conftest.o conftest.s 1>&5
configure:6788: $? = 0
configure:6797: result: yes
configure:6804: checking for -z combreloc
configure:6818: gcc -g -O2  
			-fPIC -shared -o conftest.so conftest.c
			-nostdlib -nostartfiles
			-Wl,-z,combreloc 1>&5
configure:6821: $? = 0
configure:6834: result: yes
configure:6844: checking for -z execstack
configure:6856: gcc -g -O2  
			      -fPIC -shared -o conftest.so conftest.c
			      -Wl,-z,execstack -nostdlib
			      1>&5
configure:6859: $? = 0
configure:6868: result: yes
configure:6875: checking for --hash-style option
configure:6886: gcc -g -O2  
			      -fPIC -shared -o conftest.so conftest.c
			      -Wl,--hash-style=both -nostdlib 1>&5
configure:6889: $? = 0
configure:6898: result: yes
configure:6903: checking for -fno-toplevel-reorder -fno-section-anchors
configure:6913: gcc -g -O2  -S -fno-toplevel-reorder -fno-section-anchors
			    conftest.c 1>&5
configure:6916: $? = 0
configure:6925: result: yes
configure:6934: checking for -fstack-protector
configure:6941: gcc -g -O2  -Werror -fstack-protector
			    -o /dev/null -c -x c /dev/null 1>&5
configure:6944: $? = 0
configure:6952: result: yes
configure:6956: checking for -fgnu89-inline
configure:6971: gcc -g -O2  -S -std=gnu99 -fgnu89-inline
			    -o conftest.s conftest.c 1>&5
conftest.c:3:1: warning: return type defaults to 'int' [enabled by default]
 main () { return 0;}
 ^
configure:6974: $? = 0
configure:6983: result: yes
configure:7054: checking whether cc puts quotes around section names
configure:7075: result: no
configure:7193: checking for assembler .weak directive
configure:7206: gcc  -c conftest.s 1>&5
configure:7209: $? = 0
configure:7217: result: yes
configure:7264: checking whether CFI directives are supported
configure:7283: gcc  -c conftest.s 1>&5
configure:7286: $? = 0
configure:7294: result: yes
configure:7303: checking for ld --no-whole-archive
configure:7316: gcc -g -O2  
			    -nostdlib -nostartfiles -Wl,--no-whole-archive
			    -o conftest conftest.c 1>&5
configure:7319: $? = 0
configure:7327: result: yes
configure:7333: checking for gcc -fexceptions
configure:7346: gcc -g -O2  
			    -nostdlib -nostartfiles -fexceptions
			    -o conftest conftest.c 1>&5
configure:7349: $? = 0
configure:7357: result: yes
configure:7424: checking for __builtin_expect
configure:7439: gcc -g -O2   -nostdlib -nostartfiles
			    -o conftest conftest.c -lgcc >&5
/usr/local/lib/gcc/x86_64-unknown-linux-gnu/4.8.1/../../../../x86_64-unknown-linux-gnu/bin/ld: warning: cannot find entry symbol _start; defaulting to 00000000004000f0
configure:7442: $? = 0
configure:7450: result: yes
configure:7459: checking for __builtin_memset
configure:7471: gcc -O3 -S conftest.c -o - | fgrep memset > /dev/null
configure:7474: $? = 1
configure:7483: result: yes
configure:7492: checking for redirection of built-in functions
configure:7505: gcc -O3 -S conftest.c -o - | fgrep my_strstr > /dev/null
configure:7508: $? = 0
configure:7517: result: yes
configure:7527: checking for __thread
configure:7536: gcc -g -O2  -c conftest.c >&5
configure:7539: $? = 0
configure:7547: result: yes
configure:7560: checking for tls_model attribute
configure:7569: gcc -g -O2  -S -Werror conftest.c >&5
configure:7572: $? = 0
configure:7580: result: yes
configure:7619: checking for libgd
configure:7649: gcc -o conftest -g -O2     conftest.c  -lgd -lpng -lz -lm >&5
conftest.c:28:16: fatal error: gd.h: No such file or directory
 #include <gd.h>
                ^
compilation terminated.
configure:7656: $? = 1
configure: failed program was:
| /* confdefs.h.  */
| #define PACKAGE_NAME "GNU C Library"
| #define PACKAGE_TARNAME "c-library"
| #define PACKAGE_VERSION "(see version.h)"
| #define PACKAGE_STRING "GNU C Library (see version.h)"
| #define PACKAGE_BUGREPORT "glibc"
| #define PKGVERSION "(EGLIBC) "
| #define REPORT_BUGS_TO "<http://www.eglibc.org/issues/>"
| #define HAVE_LIBIDN 1
| #define ASM_GLOBAL_DIRECTIVE .globl
| #define ASM_TYPE_DIRECTIVE_PREFIX @
| #define USE_MULTIARCH 1
| #define HAVE_ASM_SET_DIRECTIVE 1
| #define HAVE_ASM_UNIQUE_OBJECT 1
| #define DO_VERSIONING 1
| #define HAVE_ASM_PREVIOUS_DIRECTIVE 1
| #define NO_CTORS_DTORS_SECTIONS 1
| #define HAVE_Z_COMBRELOC 1
| #define NO_UNDERSCORES 1
| #define HAVE_ASM_WEAK_DIRECTIVE 1
| #define HAVE_ASM_CFI_DIRECTIVES 1
| #define HAVE_BUILTIN_EXPECT 1
| #define HAVE_BUILTIN_MEMSET 1
| #define HAVE_BUILTIN_REDIRECTION 1
| #define HAVE___THREAD 1
| #define HAVE_TLS_MODEL_ATTRIBUTE 1
| /* end confdefs.h.  */
| #include <gd.h>
| int
| main ()
| {
| gdImagePng (0, 0)
|   ;
|   return 0;
| }
configure:7681: result: no
configure:7690: checking for is_selinux_enabled in -lselinux
configure:7725: gcc -o conftest -g -O2   conftest.c -lselinux   >&5
/usr/local/lib/gcc/x86_64-unknown-linux-gnu/4.8.1/../../../../x86_64-unknown-linux-gnu/bin/ld: cannot find -lselinux
collect2: error: ld returned 1 exit status
configure:7732: $? = 1
configure: failed program was:
| /* confdefs.h.  */
| #define PACKAGE_NAME "GNU C Library"
| #define PACKAGE_TARNAME "c-library"
| #define PACKAGE_VERSION "(see version.h)"
| #define PACKAGE_STRING "GNU C Library (see version.h)"
| #define PACKAGE_BUGREPORT "glibc"
| #define PKGVERSION "(EGLIBC) "
| #define REPORT_BUGS_TO "<http://www.eglibc.org/issues/>"
| #define HAVE_LIBIDN 1
| #define ASM_GLOBAL_DIRECTIVE .globl
| #define ASM_TYPE_DIRECTIVE_PREFIX @
| #define USE_MULTIARCH 1
| #define HAVE_ASM_SET_DIRECTIVE 1
| #define HAVE_ASM_UNIQUE_OBJECT 1
| #define DO_VERSIONING 1
| #define HAVE_ASM_PREVIOUS_DIRECTIVE 1
| #define NO_CTORS_DTORS_SECTIONS 1
| #define HAVE_Z_COMBRELOC 1
| #define NO_UNDERSCORES 1
| #define HAVE_ASM_WEAK_DIRECTIVE 1
| #define HAVE_ASM_CFI_DIRECTIVES 1
| #define HAVE_BUILTIN_EXPECT 1
| #define HAVE_BUILTIN_MEMSET 1
| #define HAVE_BUILTIN_REDIRECTION 1
| #define HAVE___THREAD 1
| #define HAVE_TLS_MODEL_ATTRIBUTE 1
| /* end confdefs.h.  */
| 
| /* Override any GCC internal prototype to avoid an error.
|    Use char because int might match the return type of a GCC
|    builtin and then its argument prototype would still apply.  */
| #ifdef __cplusplus
| extern "C"
| #endif
| char is_selinux_enabled ();
| int
| main ()
| {
| return is_selinux_enabled ();
|   ;
|   return 0;
| }
configure:7753: result: no
configure:7996: checking for grep that handles long lines and -e
configure:8056: result: /bin/grep
configure:8061: checking for egrep
configure:8125: result: /bin/grep -E
configure:8130: checking for ANSI C header files
configure:8160: gcc -c -g -O2  conftest.c >&5
configure:8167: $? = 0
configure:8266: gcc -o conftest -g -O2   conftest.c  >&5
configure:8270: $? = 0
configure:8276: ./conftest
configure:8280: $? = 0
configure:8298: result: yes
configure:8322: checking for sys/types.h
configure:8343: gcc -c -g -O2  conftest.c >&5
configure:8350: $? = 0
configure:8367: result: yes
configure:8322: checking for sys/stat.h
configure:8343: gcc -c -g -O2  conftest.c >&5
configure:8350: $? = 0
configure:8367: result: yes
configure:8322: checking for stdlib.h
configure:8343: gcc -c -g -O2  conftest.c >&5
configure:8350: $? = 0
configure:8367: result: yes
configure:8322: checking for string.h
configure:8343: gcc -c -g -O2  conftest.c >&5
configure:8350: $? = 0
configure:8367: result: yes
configure:8322: checking for memory.h
configure:8343: gcc -c -g -O2  conftest.c >&5
configure:8350: $? = 0
configure:8367: result: yes
configure:8322: checking for strings.h
configure:8343: gcc -c -g -O2  conftest.c >&5
configure:8350: $? = 0
configure:8367: result: yes
configure:8322: checking for inttypes.h
configure:8343: gcc -c -g -O2  conftest.c >&5
configure:8350: $? = 0
configure:8367: result: yes
configure:8322: checking for stdint.h
configure:8343: gcc -c -g -O2  conftest.c >&5
configure:8350: $? = 0
configure:8367: result: yes
configure:8322: checking for unistd.h
configure:8343: gcc -c -g -O2  conftest.c >&5
configure:8350: $? = 0
configure:8367: result: yes
configure:8385: checking size of long double
configure:8690: gcc -o conftest -g -O2   conftest.c  >&5
configure:8694: $? = 0
configure:8700: ./conftest
configure:8704: $? = 0
configure:8730: result: 16
configure:8761: result: running configure fragment for sysdeps/x86_64/elf
configure:6: checking for x86-64 TLS support
configure:25: gcc -c -g -O2 conftest.s 1>&5
configure:28: $? = 0
configure:36: result: yes
configure:8761: result: running configure fragment for nptl/sysdeps/pthread
configure:8761: result: running configure fragment for sysdeps/pthread
configure:8761: result: running configure fragment for sysdeps/unix/sysv/linux
configure:14: checking for grep that handles long lines and -e
configure:74: result: /bin/grep
configure:79: checking for egrep
configure:143: result: /bin/grep -E
configure:148: checking installed Linux kernel header files
configure:173: result: 2.0.10 or later
configure:277: checking for kernel header at least 2.4.0
configure:300: result: ok

## ---------------- ##
## Cache variables. ##
## ---------------- ##

ac_cv_build=x86_64-unknown-linux-gnu
ac_cv_c_compiler_gnu=yes
ac_cv_cxx_compiler_gnu=yes
ac_cv_env_CCC_set=
ac_cv_env_CCC_value=
ac_cv_env_CC_set=
ac_cv_env_CC_value=
ac_cv_env_CFLAGS_set=
ac_cv_env_CFLAGS_value=
ac_cv_env_CPPFLAGS_set=
ac_cv_env_CPPFLAGS_value=
ac_cv_env_CPP_set=
ac_cv_env_CPP_value=
ac_cv_env_CXXFLAGS_set=
ac_cv_env_CXXFLAGS_value=
ac_cv_env_CXX_set=
ac_cv_env_CXX_value=
ac_cv_env_LDFLAGS_set=
ac_cv_env_LDFLAGS_value=
ac_cv_env_LIBS_set=
ac_cv_env_LIBS_value=
ac_cv_env_build_alias_set=
ac_cv_env_build_alias_value=
ac_cv_env_host_alias_set=
ac_cv_env_host_alias_value=
ac_cv_env_target_alias_set=
ac_cv_env_target_alias_value=
ac_cv_header_inttypes_h=yes
ac_cv_header_memory_h=yes
ac_cv_header_stdc=yes
ac_cv_header_stdint_h=yes
ac_cv_header_stdlib_h=yes
ac_cv_header_string_h=yes
ac_cv_header_strings_h=yes
ac_cv_header_sys_stat_h=yes
ac_cv_header_sys_types_h=yes
ac_cv_header_unistd_h=yes
ac_cv_host=x86_64-unknown-linux-gnu
ac_cv_lib_selinux_is_selinux_enabled=no
ac_cv_objext=o
ac_cv_path_BASH_SHELL=/bin/bash
ac_cv_path_BISON=no
ac_cv_path_EGREP='/bin/grep -E'
ac_cv_path_GREP=/bin/grep
ac_cv_path_INSTALL_INFO=no
ac_cv_path_PERL=/usr/local/bin/perl
ac_cv_path_PWD_P=/bin/pwd
ac_cv_prog_AS=/usr/local/lib/gcc/x86_64-unknown-linux-gnu/4.8.1/../../../../x86_64-unknown-linux-gnu/bin/as
ac_cv_prog_AWK=gawk
ac_cv_prog_CC=gcc
ac_cv_prog_CPP='gcc -E'
ac_cv_prog_LD=/usr/local/lib/gcc/x86_64-unknown-linux-gnu/4.8.1/../../../../x86_64-unknown-linux-gnu/bin/ld
ac_cv_prog_MAKE=make
ac_cv_prog_MSGFMT=msgfmt
ac_cv_prog_SED=sed
ac_cv_prog_ac_ct_CC=gcc
ac_cv_prog_ac_ct_CXX=g++
ac_cv_prog_cc_c89=
ac_cv_prog_cc_g=yes
ac_cv_prog_cxx_g=yes
ac_cv_sizeof_long_double=16
libc_cv_Bgroup=yes
libc_cv_as_needed=yes
libc_cv_as_noexecstack=yes
libc_cv_asm_cfi_directives=yes
libc_cv_asm_global_directive=.globl
libc_cv_asm_gnu_indirect_function=yes
libc_cv_asm_previous_directive=yes
libc_cv_asm_protected_directive=yes
libc_cv_asm_set_directive=yes
libc_cv_asm_symver_directive=yes
libc_cv_asm_type_prefix=@
libc_cv_asm_underscores=no
libc_cv_asm_unique_object=yes
libc_cv_asm_weak_directive=yes
libc_cv_broken_alias_attribute=no
libc_cv_broken_visibility_attribute=no
libc_cv_c_cleanup=yes
libc_cv_cc_with_libunwind=no
libc_cv_dot_text=.text
libc_cv_fno_toplevel_reorder=yes
libc_cv_forced_unwind=yes
libc_cv_fpie=yes
libc_cv_friendly_stddef=yes
libc_cv_gcc___thread=yes
libc_cv_gcc_builtin_expect=yes
libc_cv_gcc_builtin_memset=yes
libc_cv_gcc_builtin_redirection=yes
libc_cv_gcc_exceptions=yes
libc_cv_gcc_static_libgcc=-static-libgcc
libc_cv_gcc_tls_model_attr=yes
libc_cv_gcc_unwind_find_fde=no
libc_cv_gnu89_inline=yes
libc_cv_hashstyle=yes
libc_cv_have_bash2=yes
libc_cv_have_ksh=yes
libc_cv_have_sdata_section=no
libc_cv_have_section_quotes=no
libc_cv_idn=no
libc_cv_initfini_array=yes
libc_cv_ld_no_whole_archive=yes
libc_cv_ld_version_script_option=yes
libc_cv_libgcc_s_suffix=
libc_cv_linux2010='2.0.10 or later'
libc_cv_need_minus_P=no
libc_cv_nss_crypt=no
libc_cv_prog_as_gnu=yes
libc_cv_prog_ld_gnu=yes
libc_cv_ranlib_necessary=no
libc_cv_signed_size_t=no
libc_cv_ssp=yes
libc_cv_sysconfdir='${prefix}/etc'
libc_cv_visibility_attribute=yes
libc_cv_weak_symbols=yes
libc_cv_x86_64_tls=yes
libc_cv_z_combreloc=yes
libc_cv_z_execstack=yes
libc_cv_z_initfirst=yes
libc_cv_z_nodelete=yes
libc_cv_z_nodlopen=yes
libc_cv_z_relro=yes

## ----------------- ##
## Output variables. ##
## ----------------- ##

AR='/usr/local/lib/gcc/x86_64-unknown-linux-gnu/4.8.1/../../../../x86_64-unknown-linux-gnu/bin/ar'
AS='/usr/local/lib/gcc/x86_64-unknown-linux-gnu/4.8.1/../../../../x86_64-unknown-linux-gnu/bin/as'
ASFLAGS_config=' -Wa,--noexecstack'
AUTOCONF='no'
AWK='gawk'
BASH_SHELL='/bin/bash'
BISON='no'
BUILD_CC=''
CC='gcc'
CFLAGS='-g -O2'
CPP='gcc -E'
CPPFLAGS=''
CXX='g++'
CXXFLAGS='-g -O2'
CXX_SYSINCLUDES=''
DEFINES=' -D_LIBC_REENTRANT'
DEFS=''
ECHO_C=''
ECHO_N='-n'
ECHO_T=''
EGREP='/bin/grep -E'
GREP='/bin/grep'
INSTALL_DATA='${INSTALL} -m 644'
INSTALL_INFO='no'
INSTALL_PROGRAM='${INSTALL}'
INSTALL_SCRIPT='${INSTALL}'
KSH='/bin/bash'
LD='/usr/local/lib/gcc/x86_64-unknown-linux-gnu/4.8.1/../../../../x86_64-unknown-linux-gnu/bin/ld'
LDFLAGS=''
LIBGD='no'
LIBOBJS=''
LIBS=''
LN_S='ln -s'
LTLIBOBJS=''
MAKE='make'
MAKEINFO=':'
MIG=''
MSGFMT=':'
NM='/usr/local/lib/gcc/x86_64-unknown-linux-gnu/4.8.1/../../../../x86_64-unknown-linux-gnu/bin/nm'
OBJDUMP='/usr/local/lib/gcc/x86_64-unknown-linux-gnu/4.8.1/../../../../x86_64-unknown-linux-gnu/bin/objdump'
OBJEXT='o'
PACKAGE_BUGREPORT='glibc'
PACKAGE_NAME='GNU C Library'
PACKAGE_STRING='GNU C Library (see version.h)'
PACKAGE_TARNAME='c-library'
PACKAGE_VERSION='(see version.h)'
PATH_SEPARATOR=':'
PERL='/usr/local/bin/perl'
PKGVERSION='(EGLIBC) '
PWD_P='/bin/pwd'
RANLIB=':'
RELEASE=''
REPORT_BUGS_TEXI='@uref{http://www.eglibc.org/issues/}'
REPORT_BUGS_TO='<http://www.eglibc.org/issues/>'
SED='sed'
SHELL='/bin/bash'
SYSINCLUDES=''
VERSION=''
VERSIONING='yes'
ac_ct_CC='gcc'
ac_ct_CXX='g++'
add_on_subdirs=' libidn'
add_ons='libidn nptl ports'
all_warnings=''
base_machine='x86_64'
bindir='${exec_prefix}/bin'
bindnow='no'
bounded='no'
build='x86_64-unknown-linux-gnu'
build_alias=''
build_cpu='x86_64'
build_os='linux-gnu'
build_vendor='unknown'
cross_compiling='no'
datadir='${datarootdir}'
datarootdir='${prefix}/share'
docdir='${datarootdir}/doc/${PACKAGE_TARNAME}'
dvidir='${docdir}'
elf='yes'
enable_check_abi='no'
exceptions='-fexceptions'
exec_prefix='NONE'
experimental_malloc=''
fno_unit_at_a_time='-fno-toplevel-reorder -fno-section-anchors'
force_install='yes'
gnu89_inline='-fgnu89-inline'
have_libaudit=''
have_libcap=''
have_selinux='no'
host='x86_64-unknown-linux-gnu'
host_alias=''
host_cpu='x86_64'
host_os='linux-gnu'
host_vendor='unknown'
htmldir='${docdir}'
includedir='${prefix}/include'
infodir='${datarootdir}/info'
ldd_rewrite_script='no'
libc_cv_Bgroup='yes'
libc_cv_as_i686=''
libc_cv_as_needed='yes'
libc_cv_cc_avx=''
libc_cv_cc_sse4=''
libc_cv_cc_submachine=''
libc_cv_cc_with_libunwind='no'
libc_cv_cpp_asm_debuginfo=''
libc_cv_forced_unwind='yes'
libc_cv_fpie='yes'
libc_cv_gcc_static_libgcc='-static-libgcc'
libc_cv_gcc_unwind_find_fde='no'
libc_cv_hashstyle='yes'
libc_cv_have_bash2='yes'
libc_cv_have_initfini=''
libc_cv_have_ksh='yes'
libc_cv_libgcc_s_suffix=''
libc_cv_localedir=''
libc_cv_nss_crypt='no'
libc_cv_pic_default=''
libc_cv_rootsbindir=''
libc_cv_slibdir=''
libc_cv_ssp='yes'
libc_cv_sysconfdir='${prefix}/etc'
libc_cv_z_combreloc='yes'
libc_cv_z_execstack='yes'
libdir='${exec_prefix}/lib'
libexecdir='${exec_prefix}/libexec'
localedir='${datarootdir}/locale'
localstatedir='${prefix}/var'
mach_interface_list=''
mandir='${datarootdir}/man'
multi_arch='default'
no_whole_archive='-Wl,--no-whole-archive'
nopic_initfini=''
old_glibc_headers=''
oldest_abi='default'
oldincludedir='/usr/include'
omitfp='no'
pdfdir='${docdir}'
prefix='NONE'
profile='no'
program_transform_name='s,x,x,'
psdir='${docdir}'
sbindir='${exec_prefix}/sbin'
shared='default'
sharedstatedir='${prefix}/com'
sizeof_long_double='16'
static='yes'
static_nss='no'
subdirs='  '
submachine=''
sysconfdir='${prefix}/etc'
sysdeps_add_ons=' nptl ports'
sysnames=' sysdeps/x86_64/elf nptl/sysdeps/unix/sysv/linux/x86_64 sysdeps/unix/sysv/linux/x86_64 sysdeps/unix/sysv/linux/wordsize-64 nptl/sysdeps/unix/sysv/linux nptl/sysdeps/pthread sysdeps/pthread ports/sysdeps/unix/sysv/linux sysdeps/unix/sysv/linux sysdeps/gnu sysdeps/unix/common sysdeps/unix/mman sysdeps/unix/inet nptl/sysdeps/unix/sysv ports/sysdeps/unix/sysv sysdeps/unix/sysv sysdeps/unix/x86_64 nptl/sysdeps/unix ports/sysdeps/unix sysdeps/unix sysdeps/posix sysdeps/x86_64/fpu sysdeps/x86_64/multiarch nptl/sysdeps/x86_64 sysdeps/x86_64 sysdeps/wordsize-64 sysdeps/ieee754/ldbl-96 sysdeps/ieee754/dbl-64/wordsize-64 sysdeps/ieee754/dbl-64 sysdeps/ieee754/flt-32 sysdeps/ieee754 sysdeps/generic/elf sysdeps/generic'
target_alias=''
use_ldconfig='no'
with_cvs='yes'
with_fp='yes'
xcoff='no'

## ----------- ##
## confdefs.h. ##
## ----------- ##

#define PACKAGE_NAME "GNU C Library"
#define PACKAGE_TARNAME "c-library"
#define PACKAGE_VERSION "(see version.h)"
#define PACKAGE_STRING "GNU C Library (see version.h)"
#define PACKAGE_BUGREPORT "glibc"
#define PKGVERSION "(EGLIBC) "
#define REPORT_BUGS_TO "<http://www.eglibc.org/issues/>"
#define HAVE_LIBIDN 1
#define ASM_GLOBAL_DIRECTIVE .globl
#define ASM_TYPE_DIRECTIVE_PREFIX @
#define USE_MULTIARCH 1
#define HAVE_ASM_SET_DIRECTIVE 1
#define HAVE_ASM_UNIQUE_OBJECT 1
#define DO_VERSIONING 1
#define HAVE_ASM_PREVIOUS_DIRECTIVE 1
#define NO_CTORS_DTORS_SECTIONS 1
#define HAVE_Z_COMBRELOC 1
#define NO_UNDERSCORES 1
#define HAVE_ASM_WEAK_DIRECTIVE 1
#define HAVE_ASM_CFI_DIRECTIVES 1
#define HAVE_BUILTIN_EXPECT 1
#define HAVE_BUILTIN_MEMSET 1
#define HAVE_BUILTIN_REDIRECTION 1
#define HAVE___THREAD 1
#define HAVE_TLS_MODEL_ATTRIBUTE 1
#define STDC_HEADERS 1
#define HAVE_SYS_TYPES_H 1
#define HAVE_SYS_STAT_H 1
#define HAVE_STDLIB_H 1
#define HAVE_STRING_H 1
#define HAVE_MEMORY_H 1
#define HAVE_STRINGS_H 1
#define HAVE_INTTYPES_H 1
#define HAVE_STDINT_H 1
#define HAVE_UNISTD_H 1
#define SIZEOF_LONG_DOUBLE 16
#define HAVE_TLS_SUPPORT 1
#define PI_STATIC_AND_HIDDEN 1
#define HAVE_FORCED_UNWIND 1
#define __LINUX_KERNEL_VERSION (2 * 65536 + 4 * 256 + 0)
#define __ABI_TAG_VERSION 2,4,0

configure: exit 1
